*** glibc detected *** ./triangleSimulation: double free or corruption (!prev): 0x000000002615c800 ***
======= Backtrace: =========
/lib64/libc.so.6[0x3c8b475f3e]
/lib64/libc.so.6[0x3c8b478dd0]
./triangleSimulation[0x478a89]
./triangleSimulation[0x40bb1c]
/lib64/libc.so.6(__libc_start_main+0xfd)[0x3c8b41ed1d]
./triangleSimulation[0x40cd15]
======= Memory map: ========
00400000-00505000 r-xp 00000000 00:14 1735102767                         /home/fs02/pmr82_0001/dfg42/WaterPaths/WaterPaths/triangleSimulation
00704000-00705000 r--p 00104000 00:14 1735102767                         /home/fs02/pmr82_0001/dfg42/WaterPaths/WaterPaths/triangleSimulation
00705000-00706000 rw-p 00105000 00:14 1735102767                         /home/fs02/pmr82_0001/dfg42/WaterPaths/WaterPaths/triangleSimulation
00706000-00707000 rw-p 00000000 00:00 0 
018e8000-38a70000 rw-p 00000000 00:00 0                                  [heap]
3c8b000000-3c8b020000 r-xp 00000000 08:01 937917                         /lib64/ld-2.12.so
3c8b21f000-3c8b220000 r--p 0001f000 08:01 937917                         /lib64/ld-2.12.so
3c8b220000-3c8b221000 rw-p 00020000 08:01 937917                         /lib64/ld-2.12.so
3c8b221000-3c8b222000 rw-p 00000000 00:00 0 
3c8b400000-3c8b58a000 r-xp 00000000 08:01 937918                         /lib64/libc-2.12.so
3c8b58a000-3c8b78a000 ---p 0018a000 08:01 937918                         /lib64/libc-2.12.so
3c8b78a000-3c8b78e000 r--p 0018a000 08:01 937918                         /lib64/libc-2.12.so
3c8b78e000-3c8b790000 rw-p 0018e000 08:01 937918                         /lib64/libc-2.12.so
3c8b790000-3c8b794000 rw-p 00000000 00:00 0 
3c8b800000-3c8b883000 r-xp 00000000 08:01 937932                         /lib64/libm-2.12.so
3c8b883000-3c8ba82000 ---p 00083000 08:01 937932                         /lib64/libm-2.12.so
3c8ba82000-3c8ba83000 r--p 00082000 08:01 937932                         /lib64/libm-2.12.so
3c8ba83000-3c8ba84000 rw-p 00083000 08:01 937932                         /lib64/libm-2.12.so
3c8c000000-3c8c017000 r-xp 00000000 08:01 921251                         /lib64/libpthread-2.12.so
3c8c017000-3c8c217000 ---p 00017000 08:01 921251                         /lib64/libpthread-2.12.so
3c8c217000-3c8c218000 r--p 00017000 08:01 921251                         /lib64/libpthread-2.12.so
3c8c218000-3c8c219000 rw-p 00018000 08:01 921251                         /lib64/libpthread-2.12.so
3c8c219000-3c8c21d000 rw-p 00000000 00:00 0 
3c8c800000-3c8c807000 r-xp 00000000 08:01 937929                         /lib64/librt-2.12.so
3c8c807000-3c8ca06000 ---p 00007000 08:01 937929                         /lib64/librt-2.12.so
3c8ca06000-3c8ca07000 r--p 00006000 08:01 937929                         /lib64/librt-2.12.so
3c8ca07000-3c8ca08000 rw-p 00007000 08:01 937929                         /lib64/librt-2.12.so
3c8cc00000-3c8cc16000 r-xp 00000000 08:01 937947                         /lib64/libgcc_s-4.4.7-20120601.so.1
3c8cc16000-3c8ce15000 ---p 00016000 08:01 937947                         /lib64/libgcc_s-4.4.7-20120601.so.1
3c8ce15000-3c8ce16000 rw-p 00015000 08:01 937947                         /lib64/libgcc_s-4.4.7-20120601.so.1
3c8d800000-3c8d8e8000 r-xp 00000000 08:01 665837                         /usr/lib64/libstdc++.so.6.0.13
3c8d8e8000-3c8dae8000 ---p 000e8000 08:01 665837                         /usr/lib64/libstdc++.so.6.0.13
3c8dae8000-3c8daef000 r--p 000e8000 08:01 665837                         /usr/lib64/libstdc++.so.6.0.13
3c8daef000-3c8daf1000 rw-p 000ef000 08:01 665837                         /usr/lib64/libstdc++.so.6.0.13
3c8daf1000-3c8db06000 rw-p 00000000 00:00 0 
3c8e400000-3c8e415000 r-xp 00000000 08:01 673231                         /usr/lib64/libgomp.so.1.0.0
3c8e415000-3c8e614000 ---p 00015000 08:01 673231                         /usr/lib64/libgomp.so.1.0.0
3c8e614000-3c8e615000 rw-p 00014000 08:01 673231                         /usr/lib64/libgomp.so.1.0.0
2ae063f06000-2ae063f08000 rw-p 00000000 00:00 0 
2ae063f1d000-2ae063f23000 rw-p 00000000 00:00 0 
2ae063f23000-2ae063f24000 ---p 00000000 00:00 0 
2ae063f24000-2ae064124000 rw-p 00000000 00:00 0 
2ae064124000-2ae064125000 ---p 00000000 00:00 0 
2ae064125000-2ae064325000 rw-p 00000000 00:00 0 
2ae064493000-2ae1632b3000 rw-p 00000000 00:00 0 
2ae1632b3000-2ae1632b4000 ---p 00000000 00:00 0 
2ae1632b4000-2ae1634b4000 rw-p 00000000 00:00 0 
2ae1634b4000-2ae1634b5000 ---p 00000000 00:00 0 
2ae1634b5000-2ae1636b5000 rw-p 00000000 00:00 0 
2ae1636b5000-2ae1636b6000 ---p 00000000 00:00 0 
2ae1636b6000-2ae1638b6000 rw-p 00000000 00:00 0 
2ae1638b6000-2ae1638b7000 ---p 00000000 00:00 0 
2ae1638b7000-2ae163ab7000 rw-p 00000000 00:00 0 
2ae163ab7000-2ae163ab8000 ---p 00000000 00:00 0 
2ae163ab8000-2ae163cb8000 rw-p 00000000 00:00 0 
2ae163cb8000-2ae163cb9000 ---p 00000000 00:00 0 
2ae163cb9000-2ae163eb9000 rw-p 00000000 00:00 0 
2ae163eb9000-2ae163eba000 ---p 00000000 00:00 0 
2ae163eba000-2ae1640ba000 rw-p 00000000 00:00 0 
2ae1640ba000-2ae1640bb000 ---p 00000000 00:00 0 
2ae1640bb000-2ae1642bb000 rw-p 00000000 00:00 0 
2ae1642bb000-2ae1642bc000 ---p 00000000 00:00 0 
2ae1642bc000-2ae1644bc000 rw-p 00000000 00:00 0 
2ae1644bc000-2ae1644bd000 ---p 00000000 00:00 0 
2ae1644bd000-2ae1646bd000 rw-p 00000000 00:00 0 
2ae1646bd000-2ae1646be000 ---p 00000000 00:00 0 
2ae1646be000-2ae1648be000 rw-p 00000000 00:00 0 
2ae1648be000-2ae1648bf000 ---p 00000000 00:00 0 
2ae1648bf000-2ae164abf000 rw-p 00000000 00:00 0 
2ae164abf000-2ae164ac0000 ---p 00000000 00:00 0 
2ae164ac0000-2ae164cc0000 rw-p 00000000 00:00 0 
2ae164cc0000-2ae164cc1000 ---p 00000000 00:00 0 
2ae164cc1000-2ae164ec1000 rw-p 00000000 00:00 0 
2ae164ec1000-2ae164ec2000 ---p 00000000 00:00 0 
2ae164ec2000-2ae1650c2000 rw-p 00000000 00:00 0 
2ae1650c2000-2ae1650c3000 ---p 00000000 00:00 0 
2ae1650c3000-2ae1652c3000 rw-p 00000000 00:00 0 
2ae1652c3000-2ae1652c4000 ---p 00000000 00:00 0 
2ae1652c4000-2ae1654c4000 rw-p 00000000 00:00 0 
2ae168000000-2ae16c000000 rw-p 00000000 00:00 0 
2ae16c000000-2ae170000000 rw-p 00000000 00:00 0 
2ae170000000-2ae174000000 rw-p 00000000 00:00 0 
2ae174000000-2ae178000000 rw-p 00000000 00:00 0 
2ae178000000-2ae17c000000 rw-p 00000000 00:00 0 
2ae17c000000-2ae180000000 rw-p 00000000 00:00 0 
2ae180000000-2ae184000000 rw-p 00000000 00:00 0 
2ae184000000-2ae188000000 rw-p 00000000 00:00 0 
2ae188000000-2ae18c000000 rw-p 00000000 00:00 0 
2ae18c000000-2ae190000000 rw-p 00000000 00:00 0 
2ae190000000-2ae194000000 rw-p 00000000 00:00 0 
2ae194000000-2ae198000000 rw-p 00000000 00:00 0 
2ae19c000000-2ae1a0000000 rw-p 00000000 00:00 0 
2ae1a0000000-2ae1a4000000 rw-p 00000000 00:00 0 
2ae1a4000000-2ae1a8000000 rw-p 00000000 00:00 0 
2ae1a8000000-2ae1a8001000 rw-p 00000000 00:00 0 
2ae1ac000000-2ae1ac021000 rw-p 00000000 00:00 0 
2ae1ac021000-2ae1b0000000 ---p 00000000 00:00 0 
7fff5914b000-7fff592ac000 rw-p 00000000 00:00 0                          [stack]
7fff59321000-7fff59322000 r-xp 00000000 00:00 0                          [vdso]
ffffffffff600000-ffffffffff601000 r-xp 00000000 00:00 0                  [vsyscall]
/var/spool/torque/mom_priv/jobs/456747.thecube.cac.cornell.edu.SC: line 9: 14282 Aborted                 ./triangleSimulation -T 16 -t 2344 -r 1000 -d /scratch/dfg42/WaterPathsOut/ -C -1 -o 1000 -b true -n 1000
