==44368== Memcheck, a memory error detector
==44368== Copyright (C) 2002-2017, and GNU GPL'd, by Julian Seward et al.
==44368== Using Valgrind-3.13.0 and LibVEX; rerun with -h for copyright info
==44368== Command: ./triangleSimulation -T 16 -t 234 -r 16 -d /scratch/bct52/ -s problem_dvs.csv -C -1 -O rof_tables/ -m 0
==44368== Parent PID: 44365
==44368== 
==44368== 
==44368== HEAP SUMMARY:
==44368==     in use at exit: 14,136 bytes in 30 blocks
==44368==   total heap usage: 2,867,528 allocs, 2,867,498 frees, 491,471,166 bytes allocated
==44368== 
==44368== 128 (56 direct, 72 indirect) bytes in 1 blocks are definitely lost in loss record 11 of 16
==44368==    at 0x4A09930: operator new[](unsigned long) (vg_replace_malloc.c:421)
==44368==    by 0x46BC57: Graph::Graph(int) (Graph.cpp:22)
==44368==    by 0x455E37: PaperTestProblem::functionEvaluation(double*, double*, double*) (PaperTestProblem.cpp:640)
==44368==    by 0x47D365: main (main.cpp:332)
==44368== 
==44368== 264 (120 direct, 144 indirect) bytes in 1 blocks are definitely lost in loss record 14 of 16
==44368==    at 0x4A09930: operator new[](unsigned long) (vg_replace_malloc.c:421)
==44368==    by 0x46BC57: Graph::Graph(int) (Graph.cpp:22)
==44368==    by 0x454C0E: PaperTestProblem::functionEvaluation(double*, double*, double*) (PaperTestProblem.cpp:515)
==44368==    by 0x47D365: main (main.cpp:332)
==44368== 
==44368== 9,120 bytes in 15 blocks are possibly lost in loss record 16 of 16
==44368==    at 0x4A07F1D: calloc (vg_replace_malloc.c:710)
==44368==    by 0x35FAE11A82: _dl_allocate_tls (in /lib64/ld-2.12.so)
==44368==    by 0x35FBE072CC: pthread_create@@GLIBC_2.2.5 (in /lib64/libpthread-2.12.so)
==44368==    by 0x35FE20D2AD: ??? (in /usr/lib64/libgomp.so.1.0.0)
==44368==    by 0x35FE209AE7: GOMP_parallel (in /usr/lib64/libgomp.so.1.0.0)
==44368==    by 0x44E77A: PaperTestProblem::readInputData() (PaperTestProblem.cpp:765)
==44368==    by 0x47C5CB: main (main.cpp:244)
==44368== 
==44368== LEAK SUMMARY:
==44368==    definitely lost: 176 bytes in 2 blocks
==44368==    indirectly lost: 216 bytes in 9 blocks
==44368==      possibly lost: 9,120 bytes in 15 blocks
==44368==    still reachable: 4,624 bytes in 4 blocks
==44368==         suppressed: 0 bytes in 0 blocks
==44368== Reachable blocks (those to which a pointer was found) are not shown.
==44368== To see them, rerun with: --leak-check=full --show-leak-kinds=all
==44368== 
==44368== For counts of detected and suppressed errors, rerun with: -v
==44368== ERROR SUMMARY: 3 errors from 3 contexts (suppressed: 4 from 4)
